#
# There is insufficient memory for the Java Runtime Environment to continue.
# Native memory allocation (mmap) failed to map 262144000 bytes for Failed to commit area from 0x0000000706400000 to 0x0000000715e00000 of length 262144000.
# Possible reasons:
#   The system is out of physical RAM or swap space
#   The process is running with CompressedOops enabled, and the Java Heap may be blocking the growth of the native heap
# Possible solutions:
#   Reduce memory load on the system
#   Increase physical memory or swap space
#   Check if swap backing store is full
#   Decrease Java heap size (-Xmx/-Xms)
#   Decrease number of Java threads
#   Decrease Java thread stack sizes (-Xss)
#   Set larger code cache with -XX:ReservedCodeCacheSize=
# This output file may be truncated or incomplete.
#
#  Out of Memory Error (t:/workspace/open/src/hotspot/os/windows/os_windows.cpp:3269), pid=20732, tid=22320
#
# JRE version:  (11.0.1+13) (build )
# Java VM: OpenJDK 64-Bit Server VM (11.0.1+13, mixed mode, aot, sharing, tiered, compressed oops, g1 gc, windows-amd64)
# No core dump will be written. Minidumps are not enabled by default on client versions of Windows
#

---------------  S U M M A R Y ------------

Command Line: -Dmaven.home=EMBEDDED -Dclassworlds.conf=C:\Users\yashsharma01\eclipse-workspace\.metadata\.plugins\org.eclipse.m2e.launching\launches\m2conf15882247619658110726.tmp -Dmaven.multiModuleProjectDirectory=C:\Users\yashsharma01\eclipse-workspace\September2021Assignment -Dfile.encoding=Cp1252 org.codehaus.plexus.classworlds.launcher.Launcher -B clean install

Host: Intel(R) Core(TM) i5-10310U CPU @ 1.70GHz, 8 cores, 15G,  Windows 10 , 64 bit Build 19041 (10.0.19041.1202)
Time: Tue Oct 12 12:49:54 2021 India Standard Time elapsed time: 0 seconds (0d 0h 0m 0s)

---------------  T H R E A D  ---------------

Current thread (0x000001cf7d981000):  JavaThread "Unknown thread" [_thread_in_vm, id=22320, stack(0x0000007e30c00000,0x0000007e30d00000)]

Stack: [0x0000007e30c00000,0x0000007e30d00000]
Native frames: (J=compiled Java code, j=interpreted, Vv=VM code, C=native code)
V  [jvm.dll+0x63ad9a]
V  [jvm.dll+0x77851f]
V  [jvm.dll+0x779b08]
V  [jvm.dll+0x77a1c3]
V  [jvm.dll+0x2624c8]
V  [jvm.dll+0x63824a]
V  [jvm.dll+0x62cb05]
V  [jvm.dll+0x31561c]
V  [jvm.dll+0x3154a2]
V  [jvm.dll+0x31ad16]
V  [jvm.dll+0x3671cf]
V  [jvm.dll+0x366bf0]
V  [jvm.dll+0x2f2358]
V  [jvm.dll+0x2f34b6]
V  [jvm.dll+0x7517c7]
V  [jvm.dll+0x752f0f]
V  [jvm.dll+0x373ff9]
V  [jvm.dll+0x738049]
V  [jvm.dll+0x3e357d]
V  [jvm.dll+0x3e58e1]
C  [javaw.exe+0x3613]
C  [javaw.exe+0x17a6c]
C  [KERNEL32.DLL+0x17034]
C  [ntdll.dll+0x52651]


---------------  P R O C E S S  ---------------

Threads class SMR info:
_java_thread_list=0x000001cf7bf65040, length=0, elements={
}

Java Threads: ( => current thread )

Other Threads:
  0x000001cf7d99b800 GCTaskThread "GC Thread#0" [stack: 0x0000007e30d00000,0x0000007e30e00000] [id=13724]
  0x000001cf7d9f5800 ConcurrentGCThread "G1 Main Marker" [stack: 0x0000007e30e00000,0x0000007e30f00000] [id=6848]
  0x000001cf7d9fb000 ConcurrentGCThread "G1 Conc#0" [stack: 0x0000007e30f00000,0x0000007e31000000] [id=10644]

[error occurred during error reporting (printing all threads), id 0xc0000005, EXCEPTION_ACCESS_VIOLATION (0xc0000005) at pc=0x00007ff9a0790d17]

VM state:not at safepoint (not fully initialized)

VM Mutex/Monitor currently owned by a thread:  ([mutex/lock_event])
[0x000001cf7c039c10] Heap_lock - owner thread: 0x000001cf7d981000

Heap address: 0x0000000706400000, size: 3996 MB, Compressed Oops mode: Non-zero based: 0x0000000706400000
Narrow klass base: 0x0000000000000000, Narrow klass shift: 0

GC Heap History (0 events):
No events

Deoptimization events (0 events):
No events

Classes redefined (0 events):
No events

Internal exceptions (0 events):
No events

Events (0 events):
No events


Dynamic libraries:
0x00007ff6e2ac0000 - 0x00007ff6e2b05000 	C:\Open JKD -11\bin\javaw.exe
0x00007ffa3d8b0000 - 0x00007ffa3daa5000 	C:\Windows\SYSTEM32\ntdll.dll
0x00007ffa3c620000 - 0x00007ffa3c6de000 	C:\Windows\System32\KERNEL32.DLL
0x00007ffa3b630000 - 0x00007ffa3b8f9000 	C:\Windows\System32\KERNELBASE.dll
0x00007ffa3c6e0000 - 0x00007ffa3c881000 	C:\Windows\System32\USER32.dll
0x00007ffa3b140000 - 0x00007ffa3b162000 	C:\Windows\System32\win32u.dll
0x00007ffa3c8f0000 - 0x00007ffa3c91b000 	C:\Windows\System32\GDI32.dll
0x00007ffa3b030000 - 0x00007ffa3b13b000 	C:\Windows\System32\gdi32full.dll
0x00007ffa3b1c0000 - 0x00007ffa3b25d000 	C:\Windows\System32\msvcp_win.dll
0x00007ffa3b290000 - 0x00007ffa3b390000 	C:\Windows\System32\ucrtbase.dll
0x00007ffa22250000 - 0x00007ffa224ea000 	C:\Windows\WinSxS\amd64_microsoft.windows.common-controls_6595b64144ccf1df_6.0.19041.1110_none_60b5254171f9507e\COMCTL32.dll
0x00007ffa3d4e0000 - 0x00007ffa3d57e000 	C:\Windows\System32\msvcrt.dll
0x00007ffa3cbf0000 - 0x00007ffa3cc20000 	C:\Windows\System32\IMM32.DLL
0x00007ffa2fca0000 - 0x00007ffa2fcb6000 	C:\Open JKD -11\bin\vcruntime140.dll
0x00007ffa05e30000 - 0x00007ffa05eda000 	C:\Open JKD -11\bin\msvcp140.dll
0x00007ff9a0490000 - 0x00007ff9a0fd1000 	C:\Open JKD -11\bin\server\jvm.dll
0x00007ffa3d430000 - 0x00007ffa3d4dc000 	C:\Windows\System32\ADVAPI32.dll
0x00007ffa3cb30000 - 0x00007ffa3cbcb000 	C:\Windows\System32\sechost.dll
0x00007ffa3d690000 - 0x00007ffa3d7ba000 	C:\Windows\System32\RPCRT4.dll
0x00007ffa3cf10000 - 0x00007ffa3cf18000 	C:\Windows\System32\PSAPI.DLL
0x00007ffa15f80000 - 0x00007ffa15fa7000 	C:\Windows\SYSTEM32\WINMM.dll
0x00007ffa2f7c0000 - 0x00007ffa2f7ca000 	C:\Windows\SYSTEM32\VERSION.dll
0x00007ffa1fdf0000 - 0x00007ffa1fdf9000 	C:\Windows\SYSTEM32\WSOCK32.dll
0x00007ffa3cc30000 - 0x00007ffa3cc9b000 	C:\Windows\System32\WS2_32.dll
0x00007ffa39800000 - 0x00007ffa39812000 	C:\Windows\SYSTEM32\kernel.appcore.dll
0x00007ffa2fc20000 - 0x00007ffa2fc31000 	C:\Open JKD -11\bin\verify.dll
0x00007ffa363d0000 - 0x00007ffa365b4000 	C:\Windows\SYSTEM32\DBGHELP.DLL
0x00007ffa29210000 - 0x00007ffa2923c000 	C:\Windows\SYSTEM32\dbgcore.DLL
0x00007ffa3b440000 - 0x00007ffa3b4c3000 	C:\Windows\System32\bcryptPrimitives.dll
0x00007ffa2f5b0000 - 0x00007ffa2f5d8000 	C:\Open JKD -11\bin\java.dll
0x00007ffa2fbb0000 - 0x00007ffa2fbc6000 	C:\Open JKD -11\bin\zip.dll
0x00007ffa31980000 - 0x00007ffa3198a000 	C:\Open JKD -11\bin\jimage.dll

dbghelp: loaded successfully - version: 4.0.5 - missing functions: none
symbol engine: initialized successfully - sym options: 0x614 - pdb path: .;C:\Open JKD -11\bin;C:\Windows\SYSTEM32;C:\Windows\WinSxS\amd64_microsoft.windows.common-controls_6595b64144ccf1df_6.0.19041.1110_none_60b5254171f9507e;C:\Open JKD -11\bin\server

VM Arguments:
jvm_args: -Dmaven.home=EMBEDDED -Dclassworlds.conf=C:\Users\yashsharma01\eclipse-workspace\.metadata\.plugins\org.eclipse.m2e.launching\launches\m2conf15882247619658110726.tmp -Dmaven.multiModuleProjectDirectory=C:\Users\yashsharma01\eclipse-workspace\September2021Assignment -Dfile.encoding=Cp1252 
java_command: org.codehaus.plexus.classworlds.launcher.Launcher -B clean install
java_class_path (initial): C:\Users\yashsharma01\.p2\pool\plugins\org.eclipse.m2e.maven.runtime_1.18.0.20210603-1206\jars\plexus-classworlds-2.6.0.jar
Launcher Type: SUN_STANDARD

[Global flags]
     intx CICompilerCount                          = 4                                         {product} {ergonomic}
     uint ConcGCThreads                            = 2                                         {product} {ergonomic}
     uint G1ConcRefinementThreads                  = 8                                         {product} {ergonomic}
   size_t G1HeapRegionSize                         = 1048576                                   {product} {ergonomic}
    uintx GCDrainStackTargetSize                   = 64                                        {product} {ergonomic}
   size_t InitialHeapSize                          = 262144000                                 {product} {ergonomic}
   size_t MarkStackSize                            = 4194304                                   {product} {ergonomic}
   size_t MaxHeapSize                              = 4190109696                                {product} {ergonomic}
   size_t MinHeapDeltaBytes                        = 1048576                                   {product} {ergonomic}
    uintx NonNMethodCodeHeapSize                   = 5835340                                {pd product} {ergonomic}
    uintx NonProfiledCodeHeapSize                  = 122911450                              {pd product} {ergonomic}
    uintx ProfiledCodeHeapSize                     = 122911450                              {pd product} {ergonomic}
    uintx ReservedCodeCacheSize                    = 251658240                              {pd product} {ergonomic}
     bool SegmentedCodeCache                       = true                                      {product} {ergonomic}
     bool UseCompressedClassPointers               = true                                 {lp64_product} {ergonomic}
     bool UseCompressedOops                        = true                                 {lp64_product} {ergonomic}
     bool UseG1GC                                  = true                                      {product} {ergonomic}
     bool UseLargePagesIndividualAllocation        = false                                  {pd product} {ergonomic}

Logging:
Log output configuration:
 #0: stdout all=warning uptime,level,tags
 #1: stderr all=off uptime,level,tags

Environment Variables:
JAVA_HOME=C:\Open JKD -11
PATH=C:/Open JKD -11/bin/server;C:/Open JKD -11/bin;C:\Program Files\Microsoft MPI\Bin\;C:\Windows\system32;C:\Windows;C:\Windows\System32\Wbem;C:\Windows\System32\WindowsPowerShell\v1.0\;C:\Windows\System32\OpenSSH\;C:\Program Files\TortoiseSVN\bin;C:\Open JKD -11\bin;C:\Program Files\Git\cmd;C:\Program Files\nodejs\;C:\Program Files (x86)\Microsoft SQL Server\150\DTS\Binn\;C:\Program Files\Azure Data Studio\bin;C:\Program Files\Microsoft SQL Server\130\Tools\Binn\;C:\Program Files\Microsoft SQL Server\Client SDK\ODBC\170\Tools\Binn\;C:\Program Files (x86)\Microsoft SQL Server\140\Tools\Binn\;C:\Program Files\Microsoft SQL Server\140\Tools\Binn\;C:\Program Files (x86)\Microsoft SQL Server\140\DTS\Binn\;C:\Program Files\Microsoft SQL Server\140\DTS\Binn\;C:\Program Files\Microsoft SQL Server\Client SDK\ODBC\130\Tools\Binn\;C:\Program Files (x86)\dotnet\;C:\Program Files\dotnet\;D:\download backup\apache-maven-3.8.1-bin\apache-maven-3.8.1\bin;C:\Program Files\Amazon\AWSCLIV2\;C:\ProgramData\chocolatey\bin;C:\Devops tool\grafana-enterprise-6.0.0-beta1.windows-amd64\grafana-6.0.0-beta1;C:\Devops tool\terraform_1.0.5_windows_amd64;C:\Program Files\PuTTY\;C:\Program Files\Kubernetes\Minikube;C:\Program Files\MySQL\MySQL Shell 8.0\bin\;C:\Users\yashsharma01\AppData\Local\Microsoft\WindowsApps;C:\Users\yashsharma01\.dotnet\tools;C:\Users\yashsharma01\AppData\Roaming\npm;C:\Program Files\Azure Data Studio\bin;C:\Users\yashsharma01\AppData\Local\Programs\Microsoft VS Code\bin;D:\flutter_windows_2.2.3-stable\flutter\bin;;C:\Windows\system32;
USERNAME=yashsharma01
OS=Windows_NT
PROCESSOR_IDENTIFIER=Intel64 Family 6 Model 142 Stepping 12, GenuineIntel



---------------  S Y S T E M  ---------------

OS: Windows 10 , 64 bit Build 19041 (10.0.19041.1202)

CPU:total 8 (initial active 8) (4 cores per cpu, 2 threads per core) family 6 model 142 stepping 12, cmov, cx8, fxsr, mmx, sse, sse2, sse3, ssse3, sse4.1, sse4.2, popcnt, avx, avx2, aes, clmul, erms, 3dnowpref, lzcnt, ht, tsc, tscinvbit, bmi1, bmi2, adx, fma

Memory: 4k page, system-wide physical 15980M (4255M free)
TotalPageFile size 23028M (AvailPageFile size 72M)
current process WorkingSet (physical memory assigned to process): 10M, peak: 10M
current process commit charge ("private bytes"): 60M, peak: 310M

vm_info: OpenJDK 64-Bit Server VM (11.0.1+13) for windows-amd64 JRE (11.0.1+13), built on Oct  6 2018 13:18:13 by "mach5one" with MS VC++ 15.5 (VS2017)

END.
